<?xml version="1.0" encoding="UTF-8"?>
<!-- Generated by org.testng.reporters.JUnitReportReporter -->
<testsuite hostname="DESKTOP-6RB7BQR" failures="0" tests="1" name="Test.SampleTest" time="0.919" errors="0" timestamp="2020-12-24T13:47:16 IST" skipped="0">
  <testcase classname="Test.SampleTest" name="test6" time="0.919"/>
  <system-out/>
</testsuite> <!-- Test.SampleTest -->
